2024-01-12 12:58:30,258 - CoverFoxInsurance -INFO - lunching cover fox browser
2024-01-12 12:58:30,267 - CoverFoxInsurance -ERROR - please select browser of cover fox
2024-01-12 13:49:27,698 - CoverFoxInsurance -INFO - lunching cover fox browser
2024-01-12 13:49:27,716 - CoverFoxInsurance -ERROR - please select browser of cover fox
2024-01-12 13:56:57,321 - CoverFoxInsurance -INFO - lunching cover fox browser
2024-01-12 13:56:57,332 - CoverFoxInsurance -ERROR - please select browser of cover fox
2024-01-12 14:05:08,866 - CoverFoxInsurance -INFO - lunching cover fox browser
2024-01-12 14:05:08,892 - CoverFoxInsurance -ERROR - please select browser of cover fox
2024-01-12 14:08:42,257 - CoverFoxInsurance -INFO - lunching cover fox browser
2024-01-12 14:08:42,270 - CoverFoxInsurance -ERROR - please select browser of cover fox
2024-01-12 14:18:19,474 - CoverFoxInsurance -INFO - lunching cover fox browser
2024-01-12 14:18:19,486 - CoverFoxInsurance -ERROR - please select browser of cover fox
2024-01-12 14:20:00,547 - CoverFoxInsurance -INFO - lunching cover fox browser
2024-01-12 14:20:00,555 - CoverFoxInsurance -ERROR - please select browser of cover fox
2024-01-12 14:29:48,533 - CoverFoxInsurance -INFO - lunching cover fox browser
2024-01-12 14:29:48,751 - CoverFoxInsurance -ERROR - please select browser of cover fox
2024-01-12 14:36:53,451 - CoverFoxInsurance -INFO - lunching cover fox browser
2024-01-12 14:36:53,460 - CoverFoxInsurance -ERROR - please select browser of cover fox
2024-01-12 14:37:11,058 - CoverFoxInsurance -INFO - opening home page
2024-01-12 14:37:15,185 - CoverFoxInsurance -INFO - adding members
2024-01-12 14:37:18,176 - CoverFoxInsurance -INFO - adding age
2024-01-12 14:37:24,104 - CoverFoxInsurance -INFO - adding address
2024-01-12 14:37:34,312 - CoverFoxInsurance -INFO - validating actual and expected result
2024-01-12 14:38:56,582 - CoverFoxInsurance -INFO - lunching cover fox browser
2024-01-12 14:38:56,594 - CoverFoxInsurance -ERROR - please select browser of cover fox
2024-01-12 14:39:13,450 - CoverFoxInsurance -INFO - opening home page
2024-01-12 14:39:17,695 - CoverFoxInsurance -INFO - adding members
2024-01-12 14:39:18,959 - CoverFoxInsurance -INFO - adding age
2024-01-12 14:39:23,612 - CoverFoxInsurance -INFO - adding address
2024-01-12 14:39:33,573 - CoverFoxInsurance -INFO - validating actual and expected result
2024-01-12 15:00:07,774 - CoverFoxInsurance -INFO - lunching cover fox browser
2024-01-12 15:00:07,824 - CoverFoxInsurance -ERROR - please select browser of cover fox
2024-01-12 15:00:22,422 - CoverFoxInsurance -INFO - opening home page
2024-01-17 01:13:39,563 - CoverFoxInsurance -INFO - lunching cover fox browser
2024-01-17 01:13:39,646 - CoverFoxInsurance -ERROR - please select browser of cover fox
2024-01-17 01:14:05,649 - CoverFoxInsurance -INFO - lunching cover fox browser
2024-01-17 01:14:05,654 - CoverFoxInsurance -ERROR - please select browser of cover fox
2024-01-17 01:14:53,976 - CoverFoxInsurance -INFO - opening home page
2024-01-17 01:14:53,983 - CoverFoxInsurance -INFO - opening home page
