2024-01-12 12:58:30,258 [main] INFO CoverFoxInsurance - lunching cover fox browser
2024-01-12 12:58:30,267 [main] ERROR CoverFoxInsurance - please select browser of cover fox
2024-01-12 13:49:27,698 [main] INFO CoverFoxInsurance - lunching cover fox browser
2024-01-12 13:49:27,716 [main] ERROR CoverFoxInsurance - please select browser of cover fox
2024-01-12 13:56:57,321 [main] INFO CoverFoxInsurance - lunching cover fox browser
2024-01-12 13:56:57,332 [main] ERROR CoverFoxInsurance - please select browser of cover fox
2024-01-12 14:05:08,866 [main] INFO CoverFoxInsurance - lunching cover fox browser
2024-01-12 14:05:08,892 [main] ERROR CoverFoxInsurance - please select browser of cover fox
2024-01-12 14:08:42,257 [main] INFO CoverFoxInsurance - lunching cover fox browser
2024-01-12 14:08:42,270 [main] ERROR CoverFoxInsurance - please select browser of cover fox
2024-01-12 14:18:19,474 [main] INFO CoverFoxInsurance - lunching cover fox browser
2024-01-12 14:18:19,486 [main] ERROR CoverFoxInsurance - please select browser of cover fox
2024-01-12 14:20:00,547 [main] INFO CoverFoxInsurance - lunching cover fox browser
2024-01-12 14:20:00,555 [main] ERROR CoverFoxInsurance - please select browser of cover fox
2024-01-12 14:29:48,533 [main] INFO CoverFoxInsurance - lunching cover fox browser
2024-01-12 14:29:48,751 [main] ERROR CoverFoxInsurance - please select browser of cover fox
2024-01-12 14:36:53,451 [main] INFO CoverFoxInsurance - lunching cover fox browser
2024-01-12 14:36:53,460 [main] ERROR CoverFoxInsurance - please select browser of cover fox
2024-01-12 14:37:11,058 [main] INFO CoverFoxInsurance - opening home page
2024-01-12 14:37:15,185 [main] INFO CoverFoxInsurance - adding members
2024-01-12 14:37:18,176 [main] INFO CoverFoxInsurance - adding age
2024-01-12 14:37:24,104 [main] INFO CoverFoxInsurance - adding address
2024-01-12 14:37:34,312 [main] INFO CoverFoxInsurance - validating actual and expected result
2024-01-12 14:38:56,582 [main] INFO CoverFoxInsurance - lunching cover fox browser
2024-01-12 14:38:56,594 [main] ERROR CoverFoxInsurance - please select browser of cover fox
2024-01-12 14:39:13,450 [main] INFO CoverFoxInsurance - opening home page
2024-01-12 14:39:17,695 [main] INFO CoverFoxInsurance - adding members
2024-01-12 14:39:18,959 [main] INFO CoverFoxInsurance - adding age
2024-01-12 14:39:23,612 [main] INFO CoverFoxInsurance - adding address
2024-01-12 14:39:33,573 [main] INFO CoverFoxInsurance - validating actual and expected result
2024-01-12 15:00:07,774 [main] INFO CoverFoxInsurance - lunching cover fox browser
2024-01-12 15:00:07,824 [main] ERROR CoverFoxInsurance - please select browser of cover fox
2024-01-12 15:00:22,422 [main] INFO CoverFoxInsurance - opening home page
2024-01-17 01:13:39,563 [main] INFO CoverFoxInsurance - lunching cover fox browser
2024-01-17 01:13:39,646 [main] ERROR CoverFoxInsurance - please select browser of cover fox
2024-01-17 01:14:05,649 [main] INFO CoverFoxInsurance - lunching cover fox browser
2024-01-17 01:14:05,654 [main] ERROR CoverFoxInsurance - please select browser of cover fox
2024-01-17 01:14:53,976 [main] INFO CoverFoxInsurance - opening home page
2024-01-17 01:14:53,983 [main] INFO CoverFoxInsurance - opening home page
